------------------------------------[ 01.10.2023 21:40:36 ]-----------------------------------
ChatControlRed 10.21.9 encountered a NoClassDefFoundError
Running Paper 1.19.4-R0.1-SNAPSHOT and Java 17.0.8
Plugins: LuckPerms v5.4.102, Vault v1.7.3-b131, WorldEdit v7.2.15+6463-5ca4dff, VoidGen v2.2.1, WorldGuard v7.0.8+33cdb4a, Multiverse-Core v4.3.12, PlaceholderAPI v2.11.4, MythicMobs v5.3.5-64893d49, MythicLib v1.6.1, GriefPrevention v16.18.1, ProtocolLib v5.1.1-SNAPSHOT-669, MMOItems v6.9.4, Essentials v2.21.0-dev+17-79449ef, Skript v2.7.0, Citizens v2.0.32-SNAPSHOT (build 3208), PermissionsEx v1.23.4-3, voicechat v2.4.25, TradeSystem v2.5.1, SkinsRestorer v14.2.12, SkBee v2.18.3, Shopkeepers v2.17.2, PrivateMessages v3.0-Beta7, PowerBoard v3.6.0, OpeNLogin v1.6.5, OpenAudioMc v6.8.7, OmiHealth v1.2.9, MythicDungeons v1.2.1F, LiteFish v2.3.8, LimitCrafting v5.2, ItemEdit v3.1.1, GSit v1.5.0, GhostAnticheat vv0.6, EpicCraftingsPlus v7.22.1, CoreProtect v22.2, CommandPanels v3.19.1.3, ClearLag v3.2.2, ChatControlRed v10.21.9, CataMines v2.5.11, AIBuilds v1.4.4, AdvancedPets v2.6.4, DungeonParties v1.0-SNAPSHOT
----------------------------------------------------------------------------------------------

More Information: 
Error while loading ChatControlRed dependencies!
NoClassDefFoundError com/onarandombox/MultiverseCore/MultiverseCore
	 at ChatControl-Red-10.21.9.jar//org.mineacademy.chatcontrol.lib.model.MultiverseHook.<init>(HookManager.java:2085)
	 at ChatControl-Red-10.21.9.jar//org.mineacademy.chatcontrol.lib.model.HookManager.loadDependencies(HookManager.java:248)
	 at ChatControl-Red-10.21.9.jar//org.mineacademy.chatcontrol.lib.plugin.SimplePlugin.onEnable(SimplePlugin.java:277)
	 at org.bukkit.plugin.java.JavaPlugin.setEnabled(JavaPlugin.java:281)
	 at io.papermc.paper.plugin.manager.PaperPluginInstanceManager.enablePlugin(PaperPluginInstanceManager.java:189)
	 at io.papermc.paper.plugin.manager.PaperPluginManagerImpl.enablePlugin(PaperPluginManagerImpl.java:104)
	 at org.bukkit.plugin.SimplePluginManager.enablePlugin(SimplePluginManager.java:507)
	 at org.bukkit.craftbukkit.v1_19_R3.CraftServer.enablePlugin(CraftServer.java:563)
	 at org.bukkit.craftbukkit.v1_19_R3.CraftServer.enablePlugins(CraftServer.java:474)
	 at org.bukkit.craftbukkit.v1_19_R3.CraftServer.reload(CraftServer.java:1039)
	 at org.bukkit.Bukkit.reload(Bukkit.java:952)
	 at org.bukkit.command.defaults.ReloadCommand.execute(ReloadCommand.java:54)
	 at org.bukkit.command.SimpleCommandMap.dispatch(SimpleCommandMap.java:155)
	 at org.bukkit.craftbukkit.v1_19_R3.CraftServer.dispatchCommand(CraftServer.java:929)
	 at org.bukkit.craftbukkit.v1_19_R3.CraftServer.dispatchServerCommand(CraftServer.java:892)
ClassNotFoundException com.onarandombox.MultiverseCore.MultiverseCore
	 at org.bukkit.plugin.java.PluginClassLoader.loadClass0(PluginClassLoader.java:183)
	 at org.bukkit.plugin.java.PluginClassLoader.loadClass(PluginClassLoader.java:150)
	 at java.base/java.lang.ClassLoader.loadClass(ClassLoader.java:525)
	 at ChatControl-Red-10.21.9.jar//org.mineacademy.chatcontrol.lib.model.MultiverseHook.<init>(HookManager.java:2085)
	 at ChatControl-Red-10.21.9.jar//org.mineacademy.chatcontrol.lib.model.HookManager.loadDependencies(HookManager.java:248)
	 at ChatControl-Red-10.21.9.jar//org.mineacademy.chatcontrol.lib.plugin.SimplePlugin.onEnable(SimplePlugin.java:277)
	 at org.bukkit.plugin.java.JavaPlugin.setEnabled(JavaPlugin.java:281)
	 at io.papermc.paper.plugin.manager.PaperPluginInstanceManager.enablePlugin(PaperPluginInstanceManager.java:189)
	 at io.papermc.paper.plugin.manager.PaperPluginManagerImpl.enablePlugin(PaperPluginManagerImpl.java:104)
	 at org.bukkit.plugin.SimplePluginManager.enablePlugin(SimplePluginManager.java:507)
	 at org.bukkit.craftbukkit.v1_19_R3.CraftServer.enablePlugin(CraftServer.java:563)
	 at org.bukkit.craftbukkit.v1_19_R3.CraftServer.enablePlugins(CraftServer.java:474)
	 at org.bukkit.craftbukkit.v1_19_R3.CraftServer.reload(CraftServer.java:1039)
	 at org.bukkit.Bukkit.reload(Bukkit.java:952)
	 at org.bukkit.command.defaults.ReloadCommand.execute(ReloadCommand.java:54)
	 at org.bukkit.command.SimpleCommandMap.dispatch(SimpleCommandMap.java:155)
	 at org.bukkit.craftbukkit.v1_19_R3.CraftServer.dispatchCommand(CraftServer.java:929)
	 at org.bukkit.craftbukkit.v1_19_R3.CraftServer.dispatchServerCommand(CraftServer.java:892)
----------------------------------------------------------------------------------------------


------------------------------------[ 01.10.2023 21:40:36 ]-----------------------------------
ChatControlRed 10.21.9 encountered a NoClassDefFoundError
Running Paper 1.19.4-R0.1-SNAPSHOT and Java 17.0.8
Plugins: LuckPerms v5.4.102, Vault v1.7.3-b131, WorldEdit v7.2.15+6463-5ca4dff, VoidGen v2.2.1, WorldGuard v7.0.8+33cdb4a, Multiverse-Core v4.3.12, PlaceholderAPI v2.11.4, MythicMobs v5.3.5-64893d49, MythicLib v1.6.1, GriefPrevention v16.18.1, ProtocolLib v5.1.1-SNAPSHOT-669, MMOItems v6.9.4, Essentials v2.21.0-dev+17-79449ef, Skript v2.7.0, Citizens v2.0.32-SNAPSHOT (build 3208), PermissionsEx v1.23.4-3, voicechat v2.4.25, TradeSystem v2.5.1, SkinsRestorer v14.2.12, SkBee v2.18.3, Shopkeepers v2.17.2, PrivateMessages v3.0-Beta7, PowerBoard v3.6.0, OpeNLogin v1.6.5, OpenAudioMc v6.8.7, OmiHealth v1.2.9, MythicDungeons v1.2.1F, LiteFish v2.3.8, LimitCrafting v5.2, ItemEdit v3.1.1, GSit v1.5.0, GhostAnticheat vv0.6, EpicCraftingsPlus v7.22.1, CoreProtect v22.2, CommandPanels v3.19.1.3, ClearLag v3.2.2, ChatControlRed v10.21.9, CataMines v2.5.11, AIBuilds v1.4.4, AdvancedPets v2.6.4, DungeonParties v1.0-SNAPSHOT
----------------------------------------------------------------------------------------------
NoClassDefFoundError com/onarandombox/MultiverseCore/MultiverseCore
	 at ChatControl-Red-10.21.9.jar//org.mineacademy.chatcontrol.lib.model.MultiverseHook.<init>(HookManager.java:2085)
	 at ChatControl-Red-10.21.9.jar//org.mineacademy.chatcontrol.lib.model.HookManager.loadDependencies(HookManager.java:248)
	 at ChatControl-Red-10.21.9.jar//org.mineacademy.chatcontrol.lib.plugin.SimplePlugin.onEnable(SimplePlugin.java:277)
	 at org.bukkit.plugin.java.JavaPlugin.setEnabled(JavaPlugin.java:281)
	 at io.papermc.paper.plugin.manager.PaperPluginInstanceManager.enablePlugin(PaperPluginInstanceManager.java:189)
	 at io.papermc.paper.plugin.manager.PaperPluginManagerImpl.enablePlugin(PaperPluginManagerImpl.java:104)
	 at org.bukkit.plugin.SimplePluginManager.enablePlugin(SimplePluginManager.java:507)
	 at org.bukkit.craftbukkit.v1_19_R3.CraftServer.enablePlugin(CraftServer.java:563)
	 at org.bukkit.craftbukkit.v1_19_R3.CraftServer.enablePlugins(CraftServer.java:474)
	 at org.bukkit.craftbukkit.v1_19_R3.CraftServer.reload(CraftServer.java:1039)
	 at org.bukkit.Bukkit.reload(Bukkit.java:952)
	 at org.bukkit.command.defaults.ReloadCommand.execute(ReloadCommand.java:54)
	 at org.bukkit.command.SimpleCommandMap.dispatch(SimpleCommandMap.java:155)
	 at org.bukkit.craftbukkit.v1_19_R3.CraftServer.dispatchCommand(CraftServer.java:929)
	 at org.bukkit.craftbukkit.v1_19_R3.CraftServer.dispatchServerCommand(CraftServer.java:892)
ClassNotFoundException com.onarandombox.MultiverseCore.MultiverseCore
	 at org.bukkit.plugin.java.PluginClassLoader.loadClass0(PluginClassLoader.java:183)
	 at org.bukkit.plugin.java.PluginClassLoader.loadClass(PluginClassLoader.java:150)
	 at java.base/java.lang.ClassLoader.loadClass(ClassLoader.java:525)
	 at ChatControl-Red-10.21.9.jar//org.mineacademy.chatcontrol.lib.model.MultiverseHook.<init>(HookManager.java:2085)
	 at ChatControl-Red-10.21.9.jar//org.mineacademy.chatcontrol.lib.model.HookManager.loadDependencies(HookManager.java:248)
	 at ChatControl-Red-10.21.9.jar//org.mineacademy.chatcontrol.lib.plugin.SimplePlugin.onEnable(SimplePlugin.java:277)
	 at org.bukkit.plugin.java.JavaPlugin.setEnabled(JavaPlugin.java:281)
	 at io.papermc.paper.plugin.manager.PaperPluginInstanceManager.enablePlugin(PaperPluginInstanceManager.java:189)
	 at io.papermc.paper.plugin.manager.PaperPluginManagerImpl.enablePlugin(PaperPluginManagerImpl.java:104)
	 at org.bukkit.plugin.SimplePluginManager.enablePlugin(SimplePluginManager.java:507)
	 at org.bukkit.craftbukkit.v1_19_R3.CraftServer.enablePlugin(CraftServer.java:563)
	 at org.bukkit.craftbukkit.v1_19_R3.CraftServer.enablePlugins(CraftServer.java:474)
	 at org.bukkit.craftbukkit.v1_19_R3.CraftServer.reload(CraftServer.java:1039)
	 at org.bukkit.Bukkit.reload(Bukkit.java:952)
	 at org.bukkit.command.defaults.ReloadCommand.execute(ReloadCommand.java:54)
	 at org.bukkit.command.SimpleCommandMap.dispatch(SimpleCommandMap.java:155)
	 at org.bukkit.craftbukkit.v1_19_R3.CraftServer.dispatchCommand(CraftServer.java:929)
	 at org.bukkit.craftbukkit.v1_19_R3.CraftServer.dispatchServerCommand(CraftServer.java:892)
----------------------------------------------------------------------------------------------


