01:14 ChimzDaPoet: ai biết cha
01:24 ChimzDaPoet: ,nó thế mà :v
01:33 ChimzDaPoet: =))
01:35 ChimzDaPoet: nghich
01:35 ChimzDaPoet: xong vc r
23:02 ChimzDaPoet: pick
23:02 ChimzDaPoet: netherite_pickaxe
23:02 ChimzDaPoet: efficiency 20
23:03 ChimzDaPoet: fortune 15
23:03 ChimzDaPoet: cancel
23:04 ChimzDaPoet: &b&l&k||| &a&lThiên &e&lThần &6&lSa &5&lNgã &b&l&k|||
23:04 ChimzDaPoet: &f &f &f > &a &a &a Enchantments:
23:04 ChimzDaPoet: cancel
23:04 ChimzDaPoet: &f &f &f > &a &a &a Enchantments:
23:05 ChimzDaPoet: &f &f &f > &a &a Enchantments:
23:05 ChimzDaPoet: &e&l+ Hiệu suất: XX
23:05 ChimzDaPoet: &e&l+ Gia Tài: XV
23:05 ChimzDaPoet: &e&l+ Độ bền: &c&lKhông Thể Hỏng
23:06 ChimzDaPoet: &f &f &f > &a &a Effects:
23:06 ChimzDaPoet: &e&l+ Hiệu Năng: II
23:06 ChimzDaPoet: &e&l+ Tốc Độ: IV
23:06 ChimzDaPoet: &e&l+ Hấp Thụ: V
23:07 ChimzDaPoet: &e&l+ Hồi Máu: III
23:07 ChimzDaPoet: &f &f &f > &a &a Informations:
23:07 ChimzDaPoet: &f+ &aCúp được tạo bởi sự tha hóa của những vị thần
23:07 ChimzDaPoet: &f+ &bCúp được tạo bởi sự tha hóa của những vị thần
23:08 ChimzDaPoet: &f+ &bCúp chỉ dành cho &4Owner/Admin &bcủa server
23:08 ChimzDaPoet: &f+ &bKhông được làm mất, làm mất sẽ không được đền
23:08 ChimzDaPoet: Unique
23:09 ChimzDaPoet: Haste 2
23:09 ChimzDaPoet: Fast_dig 2
23:09 ChimzDaPoet: Fast_digging 2
23:09 ChimzDaPoet: Speed 4
23:09 ChimzDaPoet: Absorb 5
23:09 ChimzDaPoet: ABSORPTION 5
23:09 ChimzDaPoet: heal 4
23:10 ChimzDaPoet: heal 3
23:43 ChimzDaPoet: shadow veil
23:44 ChimzDaPoet: 0
23:44 ChimzDaPoet: 50
23:44 ChimzDaPoet: 50
23:44 ChimzDaPoet: right_lick
23:44 ChimzDaPoet: right_click
23:48 ChimzDaPoet: iron_nugget
